<?xml version="1.0" encoding="UTF-8"?>
<testsuite xmlns:xsi="http://www.w3.org/2001/XMLSchema-instance" xsi:noNamespaceSchemaLocation="https://maven.apache.org/surefire/maven-surefire-plugin/xsd/surefire-test-report.xsd" version="3.0.2" name="com.example.Batalla2.CriaturaTest" time="0.074" tests="5" errors="0" skipped="0" failures="0">
  <properties>
[...]
</properties>
  <testcase name="testDefenderReduceSalud" classname="com.example.Batalla2.CriaturaTest" time="0.034">
    <system-out><![CDATA[Conan recibió 30 de daño. Salud restante: 70
]]></system-out>
  </testcase>
  <testcase name="testEstaViva" classname="com.example.Batalla2.CriaturaTest" time="0.002"/>
  <testcase name="testDragonAtacaMasFuerte" classname="com.example.Batalla2.CriaturaTest" time="0.009">
    <system-out><![CDATA[Draco ataca con fuego a Conan y causa 40 de daño base.
Conan recibió 40 de daño. Salud restante: 60
]]></system-out>
  </testcase>
  <testcase name="testMagoAprendeHechizo" classname="com.example.Batalla2.CriaturaTest" time="0.004">
    <system-out><![CDATA[Merlin aprendió el hechizo: Rayo
]]></system-out>
  </testcase>
  <testcase name="testEquiparArmaAumentaDanio" classname="com.example.Batalla2.CriaturaTest" time="0.006">
    <system-out><![CDATA[Conan equipó Espada
Conan ataca con espada a Gandalf y causa 20 de daño base.
El arma Espada agrega 10 de daño contra Gandalf
Gandalf recibió 30 de daño. Salud restante: 70
]]></system-out>
  </testcase>
</testsuite>